<?xml version="1.0" encoding="UTF-8"?>
<!-- Generated by org.testng.reporters.JUnitReportReporter -->
<testsuite hostname="Hemagopi" failures="0" tests="3" name="Selenium.Selenium.browser" time="0.783" errors="0" timestamp="2024-11-13T10:44:32 IST" skipped="0">
  <testcase classname="Selenium.Selenium.browser" name="uploadFile" time="0.117"/>
  <system-out/>
  <testcase classname="Selenium.Selenium.browser" name="uploadFile" time="0.449"/>
  <system-out/>
  <testcase classname="Selenium.Selenium.browser" name="uploadFile" time="0.217"/>
  <system-out/>
</testsuite> <!-- Selenium.Selenium.browser -->
